<?xml version="1.0" encoding="UTF-8"?>
<robot generator="Robot 6.1.1 (Python 3.12.0 on linux)" generated="20231126 16:07:35.536" rpa="false" schemaversion="4">
<suite id="s1" name="Signup" source="/home/nicolasokumabe/Documents/GitHub/QAx/projects/walkdog-robot/tests/signup.robot">
<test id="s1-t1" name="Deve poder cadastrar um novo dog walker" line="10">
<kw name="Start session" library="base" type="SETUP">
<kw name="New Browser" library="Browser">
<arg>browser=chromium</arg>
<arg>headless=False</arg>
<tag>BrowserControl</tag>
<tag>Setter</tag>
<doc>Create a new playwright Browser with specified options.</doc>
<msg timestamp="20231126 16:07:35.997" level="INFO">{"browser": "chromium", "headless": false, "chromiumSandbox": false, "devtools": false, "handleSIGHUP": true, "handleSIGINT": true, "handleSIGTERM": true, "slowMo": 0.0, "timeout": 30000.0, "tracesDir": "/home/nicolasokumabe/Documents/GitHub/QAx/projects/walkdog-robot/logs/browser/traces/11176377-7bfc-4b03-a06e-84642ceaebcf"}</msg>
<msg timestamp="20231126 16:07:36.307" level="INFO">Successfully created browser with options: {"browser":"chromium","headless":false,"chromiumSandbox":false,"devtools":false,"handleSIGHUP":true,"handleSIGINT":true,"handleSIGTERM":true,"slowMo":0,"timeout":30000,"tracesDir":"/home/nicolasokumabe/Documents/GitHub/QAx/projects/walkdog-robot/logs/browser/traces/11176377-7bfc-4b03-a06e-84642ceaebcf"}</msg>
<status status="PASS" starttime="20231126 16:07:35.997" endtime="20231126 16:07:36.308"/>
</kw>
<kw name="New Page" library="Browser">
<arg>https://walkdog.vercel.app</arg>
<tag>BrowserControl</tag>
<tag>Setter</tag>
<doc>Open a new Page.</doc>
<msg timestamp="20231126 16:07:36.951" level="INFO">Successfully initialized new page object and opened url: https://walkdog.vercel.app</msg>
<msg timestamp="20231126 16:07:36.951" level="INFO">No context was open. New context was automatically opened when this page is created.</msg>
<status status="PASS" starttime="20231126 16:07:36.308" endtime="20231126 16:07:36.951"/>
</kw>
<kw name="Wait For Elements State" library="Browser">
<arg>css=h1 &gt;&gt; text=Cuidado e diversão em cada passo</arg>
<arg>visible</arg>
<arg>5</arg>
<tag>PageContent</tag>
<tag>Wait</tag>
<doc>Waits for the element found by ``selector`` to satisfy state option.</doc>
<msg timestamp="20231126 16:07:36.985" level="INFO">Waited for Element with selector css=h1 &gt;&gt; text=Cuidado e diversão em cada passo at state visible</msg>
<status status="PASS" starttime="20231126 16:07:36.951" endtime="20231126 16:07:36.985"/>
</kw>
<status status="PASS" starttime="20231126 16:07:35.996" endtime="20231126 16:07:36.985"/>
</kw>
<kw name="Create Dictionary" library="BuiltIn">
<var>${dog_walker}</var>
<arg>name=Nicolas Kumabe</arg>
<arg>email=nicolas@gmail.com</arg>
<arg>cpf=00000014141</arg>
<arg>cep=04534011</arg>
<arg>street=Rua Joaquim Floriano</arg>
<arg>district=Itaim Bibi</arg>
<arg>city_uf=São Paulo/SP</arg>
<arg>number=1000</arg>
<arg>details=Apto 28</arg>
<arg>cnh=toretto.jpg</arg>
<doc>Creates and returns a dictionary based on the given ``items``.</doc>
<msg timestamp="20231126 16:07:36.985" level="INFO">${dog_walker} = {'name': 'Nicolas Kumabe', 'email': 'nicolas@gmail.com', 'cpf': '00000014141', 'cep': '04534011', 'street': 'Rua Joaquim Floriano', 'district': 'Itaim Bibi', 'city_uf': 'São Paulo/SP', 'number': '1000...</msg>
<status status="PASS" starttime="20231126 16:07:36.985" endtime="20231126 16:07:36.985"/>
</kw>
<kw name="Go to signup page" library="signup">
<kw name="Click" library="Browser">
<arg>css=a[href="/signup"]</arg>
<tag>PageContent</tag>
<tag>Setter</tag>
<doc>Simulates mouse click on the element found by ``selector``.</doc>
<status status="PASS" starttime="20231126 16:07:36.986" endtime="20231126 16:07:37.064"/>
</kw>
<kw name="Wait For Elements State" library="Browser">
<arg>form h1</arg>
<arg>visible</arg>
<arg>5000</arg>
<tag>PageContent</tag>
<tag>Wait</tag>
<doc>Waits for the element found by ``selector`` to satisfy state option.</doc>
<msg timestamp="20231126 16:07:37.077" level="INFO">Waited for Element with selector form h1 at state visible</msg>
<status status="PASS" starttime="20231126 16:07:37.064" endtime="20231126 16:07:37.077"/>
</kw>
<kw name="Get Text" library="Browser">
<arg>form h1</arg>
<arg>equal</arg>
<arg>Faça seu cadastro</arg>
<tag>Assertion</tag>
<tag>Getter</tag>
<tag>PageContent</tag>
<doc>Returns text attribute of the element found by ``selector``.</doc>
<msg timestamp="20231126 16:07:37.109" level="INFO">Text: 'Faça seu cadastro'</msg>
<status status="PASS" starttime="20231126 16:07:37.077" endtime="20231126 16:07:37.109"/>
</kw>
<status status="PASS" starttime="20231126 16:07:36.986" endtime="20231126 16:07:37.109"/>
</kw>
<kw name="Fill signup form" library="signup">
<arg>${dog_walker}</arg>
<kw name="Fill Text" library="Browser">
<arg>css=input[name=name]</arg>
<arg>${dog_walker}[name]</arg>
<tag>PageContent</tag>
<tag>Setter</tag>
<doc>Clears and fills the given ``txt`` into the text field found by ``selector``.</doc>
<msg timestamp="20231126 16:07:37.110" level="INFO">Fills the text 'Nicolas Kumabe' in the given field.</msg>
<status status="PASS" starttime="20231126 16:07:37.109" endtime="20231126 16:07:37.145"/>
</kw>
<kw name="Fill Text" library="Browser">
<arg>css=input[name=email]</arg>
<arg>${dog_walker}[email]</arg>
<tag>PageContent</tag>
<tag>Setter</tag>
<doc>Clears and fills the given ``txt`` into the text field found by ``selector``.</doc>
<msg timestamp="20231126 16:07:37.146" level="INFO">Fills the text 'nicolas@gmail.com' in the given field.</msg>
<status status="PASS" starttime="20231126 16:07:37.146" endtime="20231126 16:07:37.171"/>
</kw>
<kw name="Fill Text" library="Browser">
<arg>css=input[name=cpf]</arg>
<arg>${dog_walker}[cpf]</arg>
<tag>PageContent</tag>
<tag>Setter</tag>
<doc>Clears and fills the given ``txt`` into the text field found by ``selector``.</doc>
<msg timestamp="20231126 16:07:37.172" level="INFO">Fills the text '00000014141' in the given field.</msg>
<status status="PASS" starttime="20231126 16:07:37.172" endtime="20231126 16:07:37.196"/>
</kw>
<kw name="Fill Text" library="Browser">
<arg>css=input[name=cep]</arg>
<arg>${dog_walker}[cep]</arg>
<tag>PageContent</tag>
<tag>Setter</tag>
<doc>Clears and fills the given ``txt`` into the text field found by ``selector``.</doc>
<msg timestamp="20231126 16:07:37.196" level="INFO">Fills the text '04534011' in the given field.</msg>
<status status="PASS" starttime="20231126 16:07:37.196" endtime="20231126 16:07:37.218"/>
</kw>
<kw name="Click" library="Browser">
<arg>css=input[type=button][value$=CEP]</arg>
<tag>PageContent</tag>
<tag>Setter</tag>
<doc>Simulates mouse click on the element found by ``selector``.</doc>
<status status="PASS" starttime="20231126 16:07:37.219" endtime="20231126 16:07:37.267"/>
</kw>
<kw name="Get Property" library="Browser">
<arg>css=input[name=addressStreet]</arg>
<arg>value</arg>
<arg>equal</arg>
<arg>${dog_walker}[street]</arg>
<tag>Assertion</tag>
<tag>Getter</tag>
<tag>PageContent</tag>
<doc>Returns the ``property`` of the element found by ``selector``.</doc>
<msg timestamp="20231126 16:07:37.699" level="INFO">Property: 'Rua Joaquim Floriano'</msg>
<status status="PASS" starttime="20231126 16:07:37.267" endtime="20231126 16:07:37.699"/>
</kw>
<kw name="Get Property" library="Browser">
<arg>css=input[name=addressDistrict]</arg>
<arg>value</arg>
<arg>equal</arg>
<arg>${dog_walker}[district]</arg>
<tag>Assertion</tag>
<tag>Getter</tag>
<tag>PageContent</tag>
<doc>Returns the ``property`` of the element found by ``selector``.</doc>
<msg timestamp="20231126 16:07:37.708" level="INFO">Property: 'Itaim Bibi'</msg>
<status status="PASS" starttime="20231126 16:07:37.699" endtime="20231126 16:07:37.708"/>
</kw>
<kw name="Get Property" library="Browser">
<arg>css=input[name=addressCityUf]</arg>
<arg>value</arg>
<arg>equal</arg>
<arg>${dog_walker}[city_uf]</arg>
<tag>Assertion</tag>
<tag>Getter</tag>
<tag>PageContent</tag>
<doc>Returns the ``property`` of the element found by ``selector``.</doc>
<msg timestamp="20231126 16:07:37.718" level="INFO">Property: 'São Paulo/SP'</msg>
<status status="PASS" starttime="20231126 16:07:37.708" endtime="20231126 16:07:37.718"/>
</kw>
<kw name="Fill Text" library="Browser">
<arg>css=input[name=addressNumber]</arg>
<arg>${dog_walker}[number]</arg>
<tag>PageContent</tag>
<tag>Setter</tag>
<doc>Clears and fills the given ``txt`` into the text field found by ``selector``.</doc>
<msg timestamp="20231126 16:07:37.719" level="INFO">Fills the text '1000' in the given field.</msg>
<status status="PASS" starttime="20231126 16:07:37.718" endtime="20231126 16:07:37.741"/>
</kw>
<kw name="Fill Text" library="Browser">
<arg>css=input[name=addressDetails]</arg>
<arg>${dog_walker}[details]</arg>
<tag>PageContent</tag>
<tag>Setter</tag>
<doc>Clears and fills the given ``txt`` into the text field found by ``selector``.</doc>
<msg timestamp="20231126 16:07:37.742" level="INFO">Fills the text 'Apto 28' in the given field.</msg>
<status status="PASS" starttime="20231126 16:07:37.742" endtime="20231126 16:07:37.760"/>
</kw>
<kw name="Upload File By Selector" library="Browser">
<arg>css=input[type=file]</arg>
<arg>${EXECDIR}/resources/fixtures/${dog_walker}[cnh]</arg>
<tag>PageContent</tag>
<tag>Setter</tag>
<doc>Uploads file from `path` to file input element matched by selector.</doc>
<status status="PASS" starttime="20231126 16:07:37.760" endtime="20231126 16:07:37.778"/>
</kw>
<status status="PASS" starttime="20231126 16:07:37.109" endtime="20231126 16:07:37.778"/>
</kw>
<kw name="Submit signup form" library="signup">
<kw name="Click" library="Browser">
<arg>css=.button-register</arg>
<tag>PageContent</tag>
<tag>Setter</tag>
<doc>Simulates mouse click on the element found by ``selector``.</doc>
<status status="PASS" starttime="20231126 16:07:37.779" endtime="20231126 16:07:37.842"/>
</kw>
<status status="PASS" starttime="20231126 16:07:37.779" endtime="20231126 16:07:37.843"/>
</kw>
<kw name="Popup should be" library="signup">
<arg>Recebemos o seu cadastro e em breve retornaremos o contato.</arg>
<kw name="Wait For Elements State" library="Browser">
<arg>css=.swal2-html-container</arg>
<arg>visible</arg>
<arg>5</arg>
<tag>PageContent</tag>
<tag>Wait</tag>
<doc>Waits for the element found by ``selector`` to satisfy state option.</doc>
<msg timestamp="20231126 16:07:38.644" level="INFO">Waited for Element with selector css=.swal2-html-container at state visible</msg>
<status status="PASS" starttime="20231126 16:07:37.843" endtime="20231126 16:07:38.644"/>
</kw>
<kw name="Get Text" library="Browser">
<arg>css=.swal2-html-container</arg>
<arg>equal</arg>
<arg>${expected_text}</arg>
<tag>Assertion</tag>
<tag>Getter</tag>
<tag>PageContent</tag>
<doc>Returns text attribute of the element found by ``selector``.</doc>
<msg timestamp="20231126 16:07:38.658" level="INFO">Text: 'Recebemos o seu cadastro e em breve retornaremos o contato.'</msg>
<status status="PASS" starttime="20231126 16:07:38.644" endtime="20231126 16:07:38.658"/>
</kw>
<status status="PASS" starttime="20231126 16:07:37.843" endtime="20231126 16:07:38.658"/>
</kw>
<kw name="Finish session" library="base" type="TEARDOWN">
<kw name="Take Screenshot" library="Browser">
<arg>fullPage=True</arg>
<tag>PageContent</tag>
<doc>Takes a screenshot of the current window or element and saves it to disk.</doc>
<msg timestamp="20231126 16:07:38.865" level="INFO" html="true">&lt;/td&gt;&lt;/tr&gt;&lt;tr&gt;&lt;td colspan="3"&gt;&lt;a href="browser/screenshot/robotframework-browser-screenshot-1.png" target="_blank"&gt;&lt;img src="browser/screenshot/robotframework-browser-screenshot-1.png" width="800px"/&gt;&lt;/a&gt;</msg>
<status status="PASS" starttime="20231126 16:07:38.658" endtime="20231126 16:07:38.865"/>
</kw>
<status status="PASS" starttime="20231126 16:07:38.658" endtime="20231126 16:07:38.865"/>
</kw>
<status status="PASS" starttime="20231126 16:07:35.993" endtime="20231126 16:07:38.865"/>
</test>
<test id="s1-t2" name="Não deve cadastrar se os campos obrigatórios não forem preenchidos" line="29">
<kw name="Start session" library="base" type="SETUP">
<kw name="New Browser" library="Browser">
<arg>browser=chromium</arg>
<arg>headless=False</arg>
<tag>BrowserControl</tag>
<tag>Setter</tag>
<doc>Create a new playwright Browser with specified options.</doc>
<msg timestamp="20231126 16:07:39.053" level="INFO">Switching browser to browser=9738ea71-4219-47a1-b239-ecbd988169af</msg>
<msg timestamp="20231126 16:07:39.054" level="INFO">Successfully changed active browser: browser=9738ea71-4219-47a1-b239-ecbd988169af</msg>
<msg timestamp="20231126 16:07:39.054" level="INFO">Reusing existing browser with id: browser=9738ea71-4219-47a1-b239-ecbd988169af</msg>
<status status="PASS" starttime="20231126 16:07:39.053" endtime="20231126 16:07:39.054"/>
</kw>
<kw name="New Page" library="Browser">
<arg>https://walkdog.vercel.app</arg>
<tag>BrowserControl</tag>
<tag>Setter</tag>
<doc>Open a new Page.</doc>
<msg timestamp="20231126 16:07:39.535" level="INFO">Successfully initialized new page object and opened url: https://walkdog.vercel.app</msg>
<msg timestamp="20231126 16:07:39.535" level="INFO">No context was open. New context was automatically opened when this page is created.</msg>
<status status="PASS" starttime="20231126 16:07:39.055" endtime="20231126 16:07:39.536"/>
</kw>
<kw name="Wait For Elements State" library="Browser">
<arg>css=h1 &gt;&gt; text=Cuidado e diversão em cada passo</arg>
<arg>visible</arg>
<arg>5</arg>
<tag>PageContent</tag>
<tag>Wait</tag>
<doc>Waits for the element found by ``selector`` to satisfy state option.</doc>
<msg timestamp="20231126 16:07:39.562" level="INFO">Waited for Element with selector css=h1 &gt;&gt; text=Cuidado e diversão em cada passo at state visible</msg>
<status status="PASS" starttime="20231126 16:07:39.536" endtime="20231126 16:07:39.562"/>
</kw>
<status status="PASS" starttime="20231126 16:07:39.052" endtime="20231126 16:07:39.562"/>
</kw>
<kw name="Go to signup page" library="signup">
<kw name="Click" library="Browser">
<arg>css=a[href="/signup"]</arg>
<tag>PageContent</tag>
<tag>Setter</tag>
<doc>Simulates mouse click on the element found by ``selector``.</doc>
<status status="PASS" starttime="20231126 16:07:39.562" endtime="20231126 16:07:39.634"/>
</kw>
<kw name="Wait For Elements State" library="Browser">
<arg>form h1</arg>
<arg>visible</arg>
<arg>5000</arg>
<tag>PageContent</tag>
<tag>Wait</tag>
<doc>Waits for the element found by ``selector`` to satisfy state option.</doc>
<msg timestamp="20231126 16:07:39.645" level="INFO">Waited for Element with selector form h1 at state visible</msg>
<status status="PASS" starttime="20231126 16:07:39.634" endtime="20231126 16:07:39.645"/>
</kw>
<kw name="Get Text" library="Browser">
<arg>form h1</arg>
<arg>equal</arg>
<arg>Faça seu cadastro</arg>
<tag>Assertion</tag>
<tag>Getter</tag>
<tag>PageContent</tag>
<doc>Returns text attribute of the element found by ``selector``.</doc>
<msg timestamp="20231126 16:07:39.671" level="INFO">Text: 'Faça seu cadastro'</msg>
<status status="PASS" starttime="20231126 16:07:39.645" endtime="20231126 16:07:39.671"/>
</kw>
<status status="PASS" starttime="20231126 16:07:39.562" endtime="20231126 16:07:39.672"/>
</kw>
<kw name="Submit signup form" library="signup">
<kw name="Click" library="Browser">
<arg>css=.button-register</arg>
<tag>PageContent</tag>
<tag>Setter</tag>
<doc>Simulates mouse click on the element found by ``selector``.</doc>
<status status="PASS" starttime="20231126 16:07:39.672" endtime="20231126 16:07:39.722"/>
</kw>
<status status="PASS" starttime="20231126 16:07:39.672" endtime="20231126 16:07:39.722"/>
</kw>
<kw name="Alert should be" library="signup">
<arg>Informe o seu nome completo</arg>
<kw name="Wait For Elements State" library="Browser">
<arg>css=.alert-error &gt;&gt; text=${expected_text}</arg>
<arg>visible</arg>
<arg>5</arg>
<tag>PageContent</tag>
<tag>Wait</tag>
<doc>Waits for the element found by ``selector`` to satisfy state option.</doc>
<msg timestamp="20231126 16:07:39.732" level="INFO">Waited for Element with selector css=.alert-error &gt;&gt; text=Informe o seu nome completo at state visible</msg>
<status status="PASS" starttime="20231126 16:07:39.722" endtime="20231126 16:07:39.732"/>
</kw>
<status status="PASS" starttime="20231126 16:07:39.722" endtime="20231126 16:07:39.732"/>
</kw>
<kw name="Alert should be" library="signup">
<arg>Informe o seu melhor email</arg>
<kw name="Wait For Elements State" library="Browser">
<arg>css=.alert-error &gt;&gt; text=${expected_text}</arg>
<arg>visible</arg>
<arg>5</arg>
<tag>PageContent</tag>
<tag>Wait</tag>
<doc>Waits for the element found by ``selector`` to satisfy state option.</doc>
<msg timestamp="20231126 16:07:39.738" level="INFO">Waited for Element with selector css=.alert-error &gt;&gt; text=Informe o seu melhor email at state visible</msg>
<status status="PASS" starttime="20231126 16:07:39.733" endtime="20231126 16:07:39.739"/>
</kw>
<status status="PASS" starttime="20231126 16:07:39.732" endtime="20231126 16:07:39.739"/>
</kw>
<kw name="Alert should be" library="signup">
<arg>Informe o seu CPF</arg>
<kw name="Wait For Elements State" library="Browser">
<arg>css=.alert-error &gt;&gt; text=${expected_text}</arg>
<arg>visible</arg>
<arg>5</arg>
<tag>PageContent</tag>
<tag>Wait</tag>
<doc>Waits for the element found by ``selector`` to satisfy state option.</doc>
<msg timestamp="20231126 16:07:39.745" level="INFO">Waited for Element with selector css=.alert-error &gt;&gt; text=Informe o seu CPF at state visible</msg>
<status status="PASS" starttime="20231126 16:07:39.739" endtime="20231126 16:07:39.745"/>
</kw>
<status status="PASS" starttime="20231126 16:07:39.739" endtime="20231126 16:07:39.746"/>
</kw>
<kw name="Alert should be" library="signup">
<arg>Informe o seu CEP</arg>
<kw name="Wait For Elements State" library="Browser">
<arg>css=.alert-error &gt;&gt; text=${expected_text}</arg>
<arg>visible</arg>
<arg>5</arg>
<tag>PageContent</tag>
<tag>Wait</tag>
<doc>Waits for the element found by ``selector`` to satisfy state option.</doc>
<msg timestamp="20231126 16:07:39.751" level="INFO">Waited for Element with selector css=.alert-error &gt;&gt; text=Informe o seu CEP at state visible</msg>
<status status="PASS" starttime="20231126 16:07:39.746" endtime="20231126 16:07:39.751"/>
</kw>
<status status="PASS" starttime="20231126 16:07:39.746" endtime="20231126 16:07:39.751"/>
</kw>
<kw name="Alert should be" library="signup">
<arg>Informe um número maior que zero</arg>
<kw name="Wait For Elements State" library="Browser">
<arg>css=.alert-error &gt;&gt; text=${expected_text}</arg>
<arg>visible</arg>
<arg>5</arg>
<tag>PageContent</tag>
<tag>Wait</tag>
<doc>Waits for the element found by ``selector`` to satisfy state option.</doc>
<msg timestamp="20231126 16:07:39.756" level="INFO">Waited for Element with selector css=.alert-error &gt;&gt; text=Informe um número maior que zero at state visible</msg>
<status status="PASS" starttime="20231126 16:07:39.751" endtime="20231126 16:07:39.756"/>
</kw>
<status status="PASS" starttime="20231126 16:07:39.751" endtime="20231126 16:07:39.756"/>
</kw>
<kw name="Alert should be" library="signup">
<arg>Adcione um documento com foto (RG ou CHN)</arg>
<kw name="Wait For Elements State" library="Browser">
<arg>css=.alert-error &gt;&gt; text=${expected_text}</arg>
<arg>visible</arg>
<arg>5</arg>
<tag>PageContent</tag>
<tag>Wait</tag>
<doc>Waits for the element found by ``selector`` to satisfy state option.</doc>
<msg timestamp="20231126 16:07:39.763" level="INFO">Waited for Element with selector css=.alert-error &gt;&gt; text=Adcione um documento com foto (RG ou CHN) at state visible</msg>
<status status="PASS" starttime="20231126 16:07:39.757" endtime="20231126 16:07:39.763"/>
</kw>
<status status="PASS" starttime="20231126 16:07:39.757" endtime="20231126 16:07:39.763"/>
</kw>
<kw name="Finish session" library="base" type="TEARDOWN">
<kw name="Take Screenshot" library="Browser">
<arg>fullPage=True</arg>
<tag>PageContent</tag>
<doc>Takes a screenshot of the current window or element and saves it to disk.</doc>
<msg timestamp="20231126 16:07:39.997" level="INFO" html="true">&lt;/td&gt;&lt;/tr&gt;&lt;tr&gt;&lt;td colspan="3"&gt;&lt;a href="browser/screenshot/robotframework-browser-screenshot-2.png" target="_blank"&gt;&lt;img src="browser/screenshot/robotframework-browser-screenshot-2.png" width="800px"/&gt;&lt;/a&gt;</msg>
<status status="PASS" starttime="20231126 16:07:39.763" endtime="20231126 16:07:39.997"/>
</kw>
<status status="PASS" starttime="20231126 16:07:39.763" endtime="20231126 16:07:39.998"/>
</kw>
<tag>required</tag>
<status status="PASS" starttime="20231126 16:07:39.049" endtime="20231126 16:07:39.998"/>
</test>
<test id="s1-t3" name="Não deve cadastrar se o cfp for incorreto" line="42">
<kw name="Start session" library="base" type="SETUP">
<kw name="New Browser" library="Browser">
<arg>browser=chromium</arg>
<arg>headless=False</arg>
<tag>BrowserControl</tag>
<tag>Setter</tag>
<doc>Create a new playwright Browser with specified options.</doc>
<msg timestamp="20231126 16:07:40.088" level="INFO">Switching browser to browser=9738ea71-4219-47a1-b239-ecbd988169af</msg>
<msg timestamp="20231126 16:07:40.090" level="INFO">Successfully changed active browser: browser=9738ea71-4219-47a1-b239-ecbd988169af</msg>
<msg timestamp="20231126 16:07:40.090" level="INFO">Reusing existing browser with id: browser=9738ea71-4219-47a1-b239-ecbd988169af</msg>
<status status="PASS" starttime="20231126 16:07:40.088" endtime="20231126 16:07:40.090"/>
</kw>
<kw name="New Page" library="Browser">
<arg>https://walkdog.vercel.app</arg>
<tag>BrowserControl</tag>
<tag>Setter</tag>
<doc>Open a new Page.</doc>
<msg timestamp="20231126 16:07:40.585" level="INFO">Successfully initialized new page object and opened url: https://walkdog.vercel.app</msg>
<msg timestamp="20231126 16:07:40.585" level="INFO">No context was open. New context was automatically opened when this page is created.</msg>
<status status="PASS" starttime="20231126 16:07:40.090" endtime="20231126 16:07:40.586"/>
</kw>
<kw name="Wait For Elements State" library="Browser">
<arg>css=h1 &gt;&gt; text=Cuidado e diversão em cada passo</arg>
<arg>visible</arg>
<arg>5</arg>
<tag>PageContent</tag>
<tag>Wait</tag>
<doc>Waits for the element found by ``selector`` to satisfy state option.</doc>
<msg timestamp="20231126 16:07:40.612" level="INFO">Waited for Element with selector css=h1 &gt;&gt; text=Cuidado e diversão em cada passo at state visible</msg>
<status status="PASS" starttime="20231126 16:07:40.586" endtime="20231126 16:07:40.612"/>
</kw>
<status status="PASS" starttime="20231126 16:07:40.087" endtime="20231126 16:07:40.613"/>
</kw>
<kw name="Create Dictionary" library="BuiltIn">
<var>${dog_walker}</var>
<arg>name=Nicolas Kumabe</arg>
<arg>email=nicolas@gmail.com</arg>
<arg>cpf=000000141aa</arg>
<arg>cep=04534011</arg>
<arg>street=Rua Joaquim Floriano</arg>
<arg>district=Itaim Bibi</arg>
<arg>city_uf=São Paulo/SP</arg>
<arg>number=1000</arg>
<arg>details=Apto 28</arg>
<arg>cnh=toretto.jpg</arg>
<doc>Creates and returns a dictionary based on the given ``items``.</doc>
<msg timestamp="20231126 16:07:40.613" level="INFO">${dog_walker} = {'name': 'Nicolas Kumabe', 'email': 'nicolas@gmail.com', 'cpf': '000000141aa', 'cep': '04534011', 'street': 'Rua Joaquim Floriano', 'district': 'Itaim Bibi', 'city_uf': 'São Paulo/SP', 'number': '1000...</msg>
<status status="PASS" starttime="20231126 16:07:40.613" endtime="20231126 16:07:40.613"/>
</kw>
<kw name="Go to signup page" library="signup">
<kw name="Click" library="Browser">
<arg>css=a[href="/signup"]</arg>
<tag>PageContent</tag>
<tag>Setter</tag>
<doc>Simulates mouse click on the element found by ``selector``.</doc>
<status status="PASS" starttime="20231126 16:07:40.613" endtime="20231126 16:07:40.671"/>
</kw>
<kw name="Wait For Elements State" library="Browser">
<arg>form h1</arg>
<arg>visible</arg>
<arg>5000</arg>
<tag>PageContent</tag>
<tag>Wait</tag>
<doc>Waits for the element found by ``selector`` to satisfy state option.</doc>
<msg timestamp="20231126 16:07:40.681" level="INFO">Waited for Element with selector form h1 at state visible</msg>
<status status="PASS" starttime="20231126 16:07:40.671" endtime="20231126 16:07:40.682"/>
</kw>
<kw name="Get Text" library="Browser">
<arg>form h1</arg>
<arg>equal</arg>
<arg>Faça seu cadastro</arg>
<tag>Assertion</tag>
<tag>Getter</tag>
<tag>PageContent</tag>
<doc>Returns text attribute of the element found by ``selector``.</doc>
<msg timestamp="20231126 16:07:40.707" level="INFO">Text: 'Faça seu cadastro'</msg>
<status status="PASS" starttime="20231126 16:07:40.682" endtime="20231126 16:07:40.707"/>
</kw>
<status status="PASS" starttime="20231126 16:07:40.613" endtime="20231126 16:07:40.707"/>
</kw>
<kw name="Fill signup form" library="signup">
<arg>${dog_walker}</arg>
<kw name="Fill Text" library="Browser">
<arg>css=input[name=name]</arg>
<arg>${dog_walker}[name]</arg>
<tag>PageContent</tag>
<tag>Setter</tag>
<doc>Clears and fills the given ``txt`` into the text field found by ``selector``.</doc>
<msg timestamp="20231126 16:07:40.708" level="INFO">Fills the text 'Nicolas Kumabe' in the given field.</msg>
<status status="PASS" starttime="20231126 16:07:40.708" endtime="20231126 16:07:40.732"/>
</kw>
<kw name="Fill Text" library="Browser">
<arg>css=input[name=email]</arg>
<arg>${dog_walker}[email]</arg>
<tag>PageContent</tag>
<tag>Setter</tag>
<doc>Clears and fills the given ``txt`` into the text field found by ``selector``.</doc>
<msg timestamp="20231126 16:07:40.733" level="INFO">Fills the text 'nicolas@gmail.com' in the given field.</msg>
<status status="PASS" starttime="20231126 16:07:40.732" endtime="20231126 16:07:40.754"/>
</kw>
<kw name="Fill Text" library="Browser">
<arg>css=input[name=cpf]</arg>
<arg>${dog_walker}[cpf]</arg>
<tag>PageContent</tag>
<tag>Setter</tag>
<doc>Clears and fills the given ``txt`` into the text field found by ``selector``.</doc>
<msg timestamp="20231126 16:07:40.754" level="INFO">Fills the text '000000141aa' in the given field.</msg>
<status status="PASS" starttime="20231126 16:07:40.754" endtime="20231126 16:07:40.776"/>
</kw>
<kw name="Fill Text" library="Browser">
<arg>css=input[name=cep]</arg>
<arg>${dog_walker}[cep]</arg>
<tag>PageContent</tag>
<tag>Setter</tag>
<doc>Clears and fills the given ``txt`` into the text field found by ``selector``.</doc>
<msg timestamp="20231126 16:07:40.776" level="INFO">Fills the text '04534011' in the given field.</msg>
<status status="PASS" starttime="20231126 16:07:40.776" endtime="20231126 16:07:40.798"/>
</kw>
<kw name="Click" library="Browser">
<arg>css=input[type=button][value$=CEP]</arg>
<tag>PageContent</tag>
<tag>Setter</tag>
<doc>Simulates mouse click on the element found by ``selector``.</doc>
<status status="PASS" starttime="20231126 16:07:40.798" endtime="20231126 16:07:40.850"/>
</kw>
<kw name="Get Property" library="Browser">
<arg>css=input[name=addressStreet]</arg>
<arg>value</arg>
<arg>equal</arg>
<arg>${dog_walker}[street]</arg>
<tag>Assertion</tag>
<tag>Getter</tag>
<tag>PageContent</tag>
<doc>Returns the ``property`` of the element found by ``selector``.</doc>
<msg timestamp="20231126 16:07:41.273" level="INFO">Property: 'Rua Joaquim Floriano'</msg>
<status status="PASS" starttime="20231126 16:07:40.850" endtime="20231126 16:07:41.273"/>
</kw>
<kw name="Get Property" library="Browser">
<arg>css=input[name=addressDistrict]</arg>
<arg>value</arg>
<arg>equal</arg>
<arg>${dog_walker}[district]</arg>
<tag>Assertion</tag>
<tag>Getter</tag>
<tag>PageContent</tag>
<doc>Returns the ``property`` of the element found by ``selector``.</doc>
<msg timestamp="20231126 16:07:41.282" level="INFO">Property: 'Itaim Bibi'</msg>
<status status="PASS" starttime="20231126 16:07:41.273" endtime="20231126 16:07:41.282"/>
</kw>
<kw name="Get Property" library="Browser">
<arg>css=input[name=addressCityUf]</arg>
<arg>value</arg>
<arg>equal</arg>
<arg>${dog_walker}[city_uf]</arg>
<tag>Assertion</tag>
<tag>Getter</tag>
<tag>PageContent</tag>
<doc>Returns the ``property`` of the element found by ``selector``.</doc>
<msg timestamp="20231126 16:07:41.290" level="INFO">Property: 'São Paulo/SP'</msg>
<status status="PASS" starttime="20231126 16:07:41.282" endtime="20231126 16:07:41.290"/>
</kw>
<kw name="Fill Text" library="Browser">
<arg>css=input[name=addressNumber]</arg>
<arg>${dog_walker}[number]</arg>
<tag>PageContent</tag>
<tag>Setter</tag>
<doc>Clears and fills the given ``txt`` into the text field found by ``selector``.</doc>
<msg timestamp="20231126 16:07:41.291" level="INFO">Fills the text '1000' in the given field.</msg>
<status status="PASS" starttime="20231126 16:07:41.290" endtime="20231126 16:07:41.309"/>
</kw>
<kw name="Fill Text" library="Browser">
<arg>css=input[name=addressDetails]</arg>
<arg>${dog_walker}[details]</arg>
<tag>PageContent</tag>
<tag>Setter</tag>
<doc>Clears and fills the given ``txt`` into the text field found by ``selector``.</doc>
<msg timestamp="20231126 16:07:41.310" level="INFO">Fills the text 'Apto 28' in the given field.</msg>
<status status="PASS" starttime="20231126 16:07:41.310" endtime="20231126 16:07:41.330"/>
</kw>
<kw name="Upload File By Selector" library="Browser">
<arg>css=input[type=file]</arg>
<arg>${EXECDIR}/resources/fixtures/${dog_walker}[cnh]</arg>
<tag>PageContent</tag>
<tag>Setter</tag>
<doc>Uploads file from `path` to file input element matched by selector.</doc>
<status status="PASS" starttime="20231126 16:07:41.330" endtime="20231126 16:07:41.346"/>
</kw>
<status status="PASS" starttime="20231126 16:07:40.707" endtime="20231126 16:07:41.346"/>
</kw>
<kw name="Submit signup form" library="signup">
<kw name="Click" library="Browser">
<arg>css=.button-register</arg>
<tag>PageContent</tag>
<tag>Setter</tag>
<doc>Simulates mouse click on the element found by ``selector``.</doc>
<status status="PASS" starttime="20231126 16:07:41.346" endtime="20231126 16:07:41.400"/>
</kw>
<status status="PASS" starttime="20231126 16:07:41.346" endtime="20231126 16:07:41.400"/>
</kw>
<kw name="Alert should be" library="signup">
<arg>CPF inválido</arg>
<kw name="Wait For Elements State" library="Browser">
<arg>css=.alert-error &gt;&gt; text=${expected_text}</arg>
<arg>visible</arg>
<arg>5</arg>
<tag>PageContent</tag>
<tag>Wait</tag>
<doc>Waits for the element found by ``selector`` to satisfy state option.</doc>
<msg timestamp="20231126 16:07:41.408" level="INFO">Waited for Element with selector css=.alert-error &gt;&gt; text=CPF inválido at state visible</msg>
<status status="PASS" starttime="20231126 16:07:41.401" endtime="20231126 16:07:41.408"/>
</kw>
<status status="PASS" starttime="20231126 16:07:41.400" endtime="20231126 16:07:41.408"/>
</kw>
<kw name="Finish session" library="base" type="TEARDOWN">
<kw name="Take Screenshot" library="Browser">
<arg>fullPage=True</arg>
<tag>PageContent</tag>
<doc>Takes a screenshot of the current window or element and saves it to disk.</doc>
<msg timestamp="20231126 16:07:41.641" level="INFO" html="true">&lt;/td&gt;&lt;/tr&gt;&lt;tr&gt;&lt;td colspan="3"&gt;&lt;a href="browser/screenshot/robotframework-browser-screenshot-3.png" target="_blank"&gt;&lt;img src="browser/screenshot/robotframework-browser-screenshot-3.png" width="800px"/&gt;&lt;/a&gt;</msg>
<status status="PASS" starttime="20231126 16:07:41.409" endtime="20231126 16:07:41.641"/>
</kw>
<status status="PASS" starttime="20231126 16:07:41.408" endtime="20231126 16:07:41.641"/>
</kw>
<tag>cpf_inv</tag>
<status status="PASS" starttime="20231126 16:07:40.084" endtime="20231126 16:07:41.641"/>
</test>
<doc>Suite de testes de cadastro de dog walker</doc>
<status status="PASS" starttime="20231126 16:07:35.537" endtime="20231126 16:07:41.711"/>
</suite>
<statistics>
<total>
<stat pass="3" fail="0" skip="0">All Tests</stat>
</total>
<tag>
<stat pass="1" fail="0" skip="0">cpf_inv</stat>
<stat pass="1" fail="0" skip="0">required</stat>
</tag>
<suite>
<stat pass="3" fail="0" skip="0" id="s1" name="Signup">Signup</stat>
</suite>
</statistics>
<errors>
</errors>
</robot>
